TN:
SF:dist/useCases/submitFeedbackUseCase.js
FN:9,execute
FN:5,SubmitFeedbackUseCase
FNF:2
FNH:2
FNDA:4,execute
FNDA:1,SubmitFeedbackUseCase
DA:1,1
DA:2,1
DA:3,1
DA:4,1
DA:5,1
DA:6,1
DA:7,1
DA:8,1
DA:9,1
DA:10,4
DA:11,4
DA:12,1
DA:13,1
DA:14,4
DA:15,1
DA:16,1
DA:17,4
DA:18,1
DA:19,1
DA:20,1
DA:21,1
DA:22,1
DA:23,1
DA:24,1
DA:25,1
DA:26,1
DA:27,1
DA:28,1
DA:29,1
DA:30,1
DA:31,4
DA:32,4
DA:33,4
DA:34,4
DA:35,1
DA:36,1
DA:37,1
LF:37
LH:37
BRDA:9,0,0,4
BRDA:11,1,0,1
BRDA:14,2,0,3
BRDA:14,3,0,1
BRDA:17,4,0,2
BRDA:17,5,0,1
BRDA:31,6,0,0
BRDA:35,7,0,1
BRDA:5,8,0,1
BRF:9
BRH:8
end_of_record
TN:
SF:src/useCases/submitFeedbackUseCase.ts
FN:18,execute
FN:13,SubmitFeedbackUseCase
FNF:2
FNH:2
FNDA:4,execute
FNDA:1,SubmitFeedbackUseCase
DA:1,1
DA:2,1
DA:3,1
DA:4,1
DA:5,1
DA:6,1
DA:7,1
DA:8,1
DA:9,1
DA:10,1
DA:11,1
DA:12,1
DA:13,1
DA:14,1
DA:15,1
DA:16,1
DA:17,1
DA:18,1
DA:19,4
DA:20,4
DA:21,4
DA:22,1
DA:23,1
DA:24,3
DA:25,4
DA:26,1
DA:27,1
DA:28,2
DA:29,4
DA:30,1
DA:31,1
DA:32,1
DA:33,1
DA:34,1
DA:35,1
DA:36,1
DA:37,1
DA:38,1
DA:39,1
DA:40,1
DA:41,1
DA:42,1
DA:43,1
DA:44,1
DA:45,1
DA:46,1
DA:47,1
DA:48,4
DA:49,4
DA:50,4
DA:51,4
DA:52,1
DA:53,1
LF:53
LH:53
BRDA:18,0,0,4
BRDA:21,1,0,1
BRDA:24,2,0,3
BRDA:25,3,0,1
BRDA:28,4,0,2
BRDA:29,5,0,1
BRDA:48,6,0,0
BRDA:52,7,0,1
BRDA:13,8,0,1
BRF:9
BRH:8
end_of_record
